# JRE version: Java(TM) SE Runtime Environment (8.0_201-b09) (build 1.8.0_201-b09)
# Java VM: Java HotSpot(TM) 64-Bit Server VM (25.201-b09 mixed mode linux-amd64 compressed oops)
Heap:
 PSYoungGen      total 1014272K, used 329747K [0x0000000782100000, 0x00000007c0000000, 0x00000007c0000000)
  eden space 1013760K, 32% used [0x0000000782100000,0x00000007962cce50,0x00000007bff00000)
  from space 512K, 43% used [0x00000007bff00000,0x00000007bff38000,0x00000007bff80000)
  to   space 512K, 0% used [0x00000007bff80000,0x00000007bff80000,0x00000007c0000000)
 ParOldGen       total 126976K, used 18837K [0x0000000706200000, 0x000000070de00000, 0x0000000782100000)
  object space 126976K, 14% used [0x0000000706200000,0x00000007074656d0,0x000000070de00000)
 Metaspace       used 20195K, capacity 21116K, committed 21296K, reserved 1067008K
  class space    used 2863K, capacity 3078K, committed 3200K, reserved 1048576K
GC Heap History (10 events):
Event: 128,679 GC heap before
{Heap before GC invocations=407 (full 0):
 PSYoungGen      total 1014272K, used 1013952K [0x0000000782100000, 0x00000007c0000000, 0x00000007c0000000)
  eden space 1013760K, 100% used [0x0000000782100000,0x00000007bff00000,0x00000007bff00000)
  from space 512K, 37% used [0x00000007bff80000,0x00000007bffb0000,0x00000007c0000000)
  to   space 512K, 0% used [0x00000007bff00000,0x00000007bff00000,0x00000007bff80000)
 ParOldGen       total 126976K, used 18757K [0x0000000706200000, 0x000000070de00000, 0x0000000782100000)
  object space 126976K, 14% used [0x0000000706200000,0x00000007074516d0,0x000000070de00000)
 Metaspace       used 20171K, capacity 21116K, committed 21296K, reserved 1067008K
  class space    used 2863K, capacity 3078K, committed 3200K, reserved 1048576K
Event: 128,682 GC heap after
Heap after GC invocations=407 (full 0):
 PSYoungGen      total 1014272K, used 64K [0x0000000782100000, 0x00000007c0000000, 0x00000007c0000000)
  eden space 1013760K, 0% used [0x0000000782100000,0x0000000782100000,0x00000007bff00000)
  from space 512K, 12% used [0x00000007bff00000,0x00000007bff10000,0x00000007bff80000)
  to   space 512K, 0% used [0x00000007bff80000,0x00000007bff80000,0x00000007c0000000)
 ParOldGen       total 126976K, used 18797K [0x0000000706200000, 0x000000070de00000, 0x0000000782100000)
  object space 126976K, 14% used [0x0000000706200000,0x000000070745b6d0,0x000000070de00000)
 Metaspace       used 20171K, capacity 21116K, committed 21296K, reserved 1067008K
  class space    used 2863K, capacity 3078K, committed 3200K, reserved 1048576K
}
Event: 128,967 GC heap before
{Heap before GC invocations=408 (full 0):
 PSYoungGen      total 1014272K, used 1013824K [0x0000000782100000, 0x00000007c0000000, 0x00000007c0000000)
  eden space 1013760K, 100% used [0x0000000782100000,0x00000007bff00000,0x00000007bff00000)
  from space 512K, 12% used [0x00000007bff00000,0x00000007bff10000,0x00000007bff80000)
  to   space 512K, 0% used [0x00000007bff80000,0x00000007bff80000,0x00000007c0000000)
 ParOldGen       total 126976K, used 18797K [0x0000000706200000, 0x000000070de00000, 0x0000000782100000)
  object space 126976K, 14% used [0x0000000706200000,0x000000070745b6d0,0x000000070de00000)
 Metaspace       used 20171K, capacity 21116K, committed 21296K, reserved 1067008K
  class space    used 2863K, capacity 3078K, committed 3200K, reserved 1048576K
Event: 128,972 GC heap after
Heap after GC invocations=408 (full 0):
 PSYoungGen      total 1014272K, used 96K [0x0000000782100000, 0x00000007c0000000, 0x00000007c0000000)
  eden space 1013760K, 0% used [0x0000000782100000,0x0000000782100000,0x00000007bff00000)
  from space 512K, 18% used [0x00000007bff80000,0x00000007bff98000,0x00000007c0000000)
  to   space 512K, 0% used [0x00000007bff00000,0x00000007bff00000,0x00000007bff80000)
 ParOldGen       total 126976K, used 18797K [0x0000000706200000, 0x000000070de00000, 0x0000000782100000)
  object space 126976K, 14% used [0x0000000706200000,0x000000070745b6d0,0x000000070de00000)
 Metaspace       used 20171K, capacity 21116K, committed 21296K, reserved 1067008K
  class space    used 2863K, capacity 3078K, committed 3200K, reserved 1048576K
}
Event: 129,159 GC heap before
{Heap before GC invocations=409 (full 0):
 PSYoungGen      total 1014272K, used 1013856K [0x0000000782100000, 0x00000007c0000000, 0x00000007c0000000)
  eden space 1013760K, 100% used [0x0000000782100000,0x00000007bff00000,0x00000007bff00000)
  from space 512K, 18% used [0x00000007bff80000,0x00000007bff98000,0x00000007c0000000)
  to   space 512K, 0% used [0x00000007bff00000,0x00000007bff00000,0x00000007bff80000)
 ParOldGen       total 126976K, used 18797K [0x0000000706200000, 0x000000070de00000, 0x0000000782100000)
  object space 126976K, 14% used [0x0000000706200000,0x000000070745b6d0,0x000000070de00000)
 Metaspace       used 20172K, capacity 21116K, committed 21296K, reserved 1067008K
  class space    used 2863K, capacity 3078K, committed 3200K, reserved 1048576K
Event: 129,163 GC heap after
Heap after GC invocations=409 (full 0):
 PSYoungGen      total 1014272K, used 160K [0x0000000782100000, 0x00000007c0000000, 0x00000007c0000000)
  eden space 1013760K, 0% used [0x0000000782100000,0x0000000782100000,0x00000007bff00000)
  from space 512K, 31% used [0x00000007bff00000,0x00000007bff28000,0x00000007bff80000)
  to   space 512K, 0% used [0x00000007bff80000,0x00000007bff80000,0x00000007c0000000)
 ParOldGen       total 126976K, used 18797K [0x0000000706200000, 0x000000070de00000, 0x0000000782100000)
  object space 126976K, 14% used [0x0000000706200000,0x000000070745b6d0,0x000000070de00000)
 Metaspace       used 20172K, capacity 21116K, committed 21296K, reserved 1067008K
  class space    used 2863K, capacity 3078K, committed 3200K, reserved 1048576K
}
Event: 129,715 GC heap before
{Heap before GC invocations=410 (full 0):
 PSYoungGen      total 1014272K, used 1013920K [0x0000000782100000, 0x00000007c0000000, 0x00000007c0000000)
  eden space 1013760K, 100% used [0x0000000782100000,0x00000007bff00000,0x00000007bff00000)
  from space 512K, 31% used [0x00000007bff00000,0x00000007bff28000,0x00000007bff80000)
  to   space 512K, 0% used [0x00000007bff80000,0x00000007bff80000,0x00000007c0000000)
 ParOldGen       total 126976K, used 18797K [0x0000000706200000, 0x000000070de00000, 0x0000000782100000)
  object space 126976K, 14% used [0x0000000706200000,0x000000070745b6d0,0x000000070de00000)
 Metaspace       used 20180K, capacity 21116K, committed 21296K, reserved 1067008K
  class space    used 2863K, capacity 3078K, committed 3200K, reserved 1048576K
Event: 129,719 GC heap after
Heap after GC invocations=410 (full 0):
 PSYoungGen      total 1014272K, used 64K [0x0000000782100000, 0x00000007c0000000, 0x00000007c0000000)
  eden space 1013760K, 0% used [0x0000000782100000,0x0000000782100000,0x00000007bff00000)
  from space 512K, 12% used [0x00000007bff80000,0x00000007bff90000,0x00000007c0000000)
  to   space 512K, 0% used [0x00000007bff00000,0x00000007bff00000,0x00000007bff80000)
 ParOldGen       total 126976K, used 18829K [0x0000000706200000, 0x000000070de00000, 0x0000000782100000)
  object space 126976K, 14% used [0x0000000706200000,0x00000007074636d0,0x000000070de00000)
 Metaspace       used 20180K, capacity 21116K, committed 21296K, reserved 1067008K
  class space    used 2863K, capacity 3078K, committed 3200K, reserved 1048576K
}
Event: 130,284 GC heap before
{Heap before GC invocations=411 (full 0):
 PSYoungGen      total 1014272K, used 1013824K [0x0000000782100000, 0x00000007c0000000, 0x00000007c0000000)
  eden space 1013760K, 100% used [0x0000000782100000,0x00000007bff00000,0x00000007bff00000)
  from space 512K, 12% used [0x00000007bff80000,0x00000007bff90000,0x00000007c0000000)
  to   space 512K, 0% used [0x00000007bff00000,0x00000007bff00000,0x00000007bff80000)
 ParOldGen       total 126976K, used 18829K [0x0000000706200000, 0x000000070de00000, 0x0000000782100000)
  object space 126976K, 14% used [0x0000000706200000,0x00000007074636d0,0x000000070de00000)
 Metaspace       used 20194K, capacity 21116K, committed 21296K, reserved 1067008K
  class space    used 2863K, capacity 3078K, committed 3200K, reserved 1048576K
Event: 130,288 GC heap after
Heap after GC invocations=411 (full 0):
 PSYoungGen      total 1014272K, used 224K [0x0000000782100000, 0x00000007c0000000, 0x00000007c0000000)
  eden space 1013760K, 0% used [0x0000000782100000,0x0000000782100000,0x00000007bff00000)
  from space 512K, 43% used [0x00000007bff00000,0x00000007bff38000,0x00000007bff80000)
  to   space 512K, 0% used [0x00000007bff80000,0x00000007bff80000,0x00000007c0000000)
 ParOldGen       total 126976K, used 18837K [0x0000000706200000, 0x000000070de00000, 0x0000000782100000)
  object space 126976K, 14% used [0x0000000706200000,0x00000007074656d0,0x000000070de00000)
 Metaspace       used 20194K, capacity 21116K, committed 21296K, reserved 1067008K
  class space    used 2863K, capacity 3078K, committed 3200K, reserved 1048576K
}

