# JRE version: Java(TM) SE Runtime Environment (8.0_201-b09) (build 1.8.0_201-b09)
# Java VM: Java HotSpot(TM) 64-Bit Server VM (25.201-b09 mixed mode linux-amd64 compressed oops)
Heap:
 PSYoungGen      total 1013760K, used 910136K [0x0000000782100000, 0x00000007c0000000, 0x00000007c0000000)
  eden space 1012736K, 89% used [0x0000000782100000,0x00000007b999e1f0,0x00000007bfe00000)
  from space 1024K, 18% used [0x00000007bff00000,0x00000007bff30000,0x00000007c0000000)
  to   space 1024K, 0% used [0x00000007bfe00000,0x00000007bfe00000,0x00000007bff00000)
 ParOldGen       total 501760K, used 442461K [0x0000000706200000, 0x0000000724c00000, 0x0000000782100000)
  object space 501760K, 88% used [0x0000000706200000,0x0000000721217698,0x0000000724c00000)
 Metaspace       used 29909K, capacity 31258K, committed 31360K, reserved 1077248K
  class space    used 3899K, capacity 4201K, committed 4224K, reserved 1048576K
GC Heap History (10 events):
Event: 48,688 GC heap before
{Heap before GC invocations=109 (full 5):
 PSYoungGen      total 1013760K, used 1012832K [0x0000000782100000, 0x00000007c0000000, 0x00000007c0000000)
  eden space 1012736K, 100% used [0x0000000782100000,0x00000007bfe00000,0x00000007bfe00000)
  from space 1024K, 9% used [0x00000007bfe00000,0x00000007bfe18000,0x00000007bff00000)
  to   space 1024K, 0% used [0x00000007bff00000,0x00000007bff00000,0x00000007c0000000)
 ParOldGen       total 501760K, used 442405K [0x0000000706200000, 0x0000000724c00000, 0x0000000782100000)
  object space 501760K, 88% used [0x0000000706200000,0x0000000721209698,0x0000000724c00000)
 Metaspace       used 29624K, capacity 30918K, committed 31104K, reserved 1077248K
  class space    used 3868K, capacity 4155K, committed 4224K, reserved 1048576K
Event: 48,691 GC heap after
Heap after GC invocations=109 (full 5):
 PSYoungGen      total 1013760K, used 128K [0x0000000782100000, 0x00000007c0000000, 0x00000007c0000000)
  eden space 1012736K, 0% used [0x0000000782100000,0x0000000782100000,0x00000007bfe00000)
  from space 1024K, 12% used [0x00000007bff00000,0x00000007bff20000,0x00000007c0000000)
  to   space 1024K, 0% used [0x00000007bfe00000,0x00000007bfe00000,0x00000007bff00000)
 ParOldGen       total 501760K, used 442405K [0x0000000706200000, 0x0000000724c00000, 0x0000000782100000)
  object space 501760K, 88% used [0x0000000706200000,0x0000000721209698,0x0000000724c00000)
 Metaspace       used 29624K, capacity 30918K, committed 31104K, reserved 1077248K
  class space    used 3868K, capacity 4155K, committed 4224K, reserved 1048576K
}
Event: 48,777 GC heap before
{Heap before GC invocations=110 (full 5):
 PSYoungGen      total 1013760K, used 1012864K [0x0000000782100000, 0x00000007c0000000, 0x00000007c0000000)
  eden space 1012736K, 100% used [0x0000000782100000,0x00000007bfe00000,0x00000007bfe00000)
  from space 1024K, 12% used [0x00000007bff00000,0x00000007bff20000,0x00000007c0000000)
  to   space 1024K, 0% used [0x00000007bfe00000,0x00000007bfe00000,0x00000007bff00000)
 ParOldGen       total 501760K, used 442405K [0x0000000706200000, 0x0000000724c00000, 0x0000000782100000)
  object space 501760K, 88% used [0x0000000706200000,0x0000000721209698,0x0000000724c00000)
 Metaspace       used 29639K, capacity 30918K, committed 31104K, reserved 1077248K
  class space    used 3868K, capacity 4155K, committed 4224K, reserved 1048576K
Event: 48,782 GC heap after
Heap after GC invocations=110 (full 5):
 PSYoungGen      total 1013760K, used 128K [0x0000000782100000, 0x00000007c0000000, 0x00000007c0000000)
  eden space 1012736K, 0% used [0x0000000782100000,0x0000000782100000,0x00000007bfe00000)
  from space 1024K, 12% used [0x00000007bfe00000,0x00000007bfe20000,0x00000007bff00000)
  to   space 1024K, 0% used [0x00000007bff00000,0x00000007bff00000,0x00000007c0000000)
 ParOldGen       total 501760K, used 442405K [0x0000000706200000, 0x0000000724c00000, 0x0000000782100000)
  object space 501760K, 88% used [0x0000000706200000,0x0000000721209698,0x0000000724c00000)
 Metaspace       used 29639K, capacity 30918K, committed 31104K, reserved 1077248K
  class space    used 3868K, capacity 4155K, committed 4224K, reserved 1048576K
}
Event: 48,801 GC heap before
{Heap before GC invocations=111 (full 5):
 PSYoungGen      total 1013760K, used 1012864K [0x0000000782100000, 0x00000007c0000000, 0x00000007c0000000)
  eden space 1012736K, 100% used [0x0000000782100000,0x00000007bfe00000,0x00000007bfe00000)
  from space 1024K, 12% used [0x00000007bfe00000,0x00000007bfe20000,0x00000007bff00000)
  to   space 1024K, 0% used [0x00000007bff00000,0x00000007bff00000,0x00000007c0000000)
 ParOldGen       total 501760K, used 442405K [0x0000000706200000, 0x0000000724c00000, 0x0000000782100000)
  object space 501760K, 88% used [0x0000000706200000,0x0000000721209698,0x0000000724c00000)
 Metaspace       used 29639K, capacity 30918K, committed 31104K, reserved 1077248K
  class space    used 3868K, capacity 4155K, committed 4224K, reserved 1048576K
Event: 48,806 GC heap after
Heap after GC invocations=111 (full 5):
 PSYoungGen      total 1013760K, used 160K [0x0000000782100000, 0x00000007c0000000, 0x00000007c0000000)
  eden space 1012736K, 0% used [0x0000000782100000,0x0000000782100000,0x00000007bfe00000)
  from space 1024K, 15% used [0x00000007bff00000,0x00000007bff28000,0x00000007c0000000)
  to   space 1024K, 0% used [0x00000007bfe00000,0x00000007bfe00000,0x00000007bff00000)
 ParOldGen       total 501760K, used 442429K [0x0000000706200000, 0x0000000724c00000, 0x0000000782100000)
  object space 501760K, 88% used [0x0000000706200000,0x000000072120f698,0x0000000724c00000)
 Metaspace       used 29639K, capacity 30918K, committed 31104K, reserved 1077248K
  class space    used 3868K, capacity 4155K, committed 4224K, reserved 1048576K
}
Event: 48,819 GC heap before
{Heap before GC invocations=112 (full 5):
 PSYoungGen      total 1013760K, used 1012896K [0x0000000782100000, 0x00000007c0000000, 0x00000007c0000000)
  eden space 1012736K, 100% used [0x0000000782100000,0x00000007bfe00000,0x00000007bfe00000)
  from space 1024K, 15% used [0x00000007bff00000,0x00000007bff28000,0x00000007c0000000)
  to   space 1024K, 0% used [0x00000007bfe00000,0x00000007bfe00000,0x00000007bff00000)
 ParOldGen       total 501760K, used 442429K [0x0000000706200000, 0x0000000724c00000, 0x0000000782100000)
  object space 501760K, 88% used [0x0000000706200000,0x000000072120f698,0x0000000724c00000)
 Metaspace       used 29640K, capacity 30918K, committed 31104K, reserved 1077248K
  class space    used 3868K, capacity 4155K, committed 4224K, reserved 1048576K
Event: 48,823 GC heap after
Heap after GC invocations=112 (full 5):
 PSYoungGen      total 1013760K, used 128K [0x0000000782100000, 0x00000007c0000000, 0x00000007c0000000)
  eden space 1012736K, 0% used [0x0000000782100000,0x0000000782100000,0x00000007bfe00000)
  from space 1024K, 12% used [0x00000007bfe00000,0x00000007bfe20000,0x00000007bff00000)
  to   space 1024K, 0% used [0x00000007bff00000,0x00000007bff00000,0x00000007c0000000)
 ParOldGen       total 501760K, used 442453K [0x0000000706200000, 0x0000000724c00000, 0x0000000782100000)
  object space 501760K, 88% used [0x0000000706200000,0x0000000721215698,0x0000000724c00000)
 Metaspace       used 29640K, capacity 30918K, committed 31104K, reserved 1077248K
  class space    used 3868K, capacity 4155K, committed 4224K, reserved 1048576K
}
Event: 49,885 GC heap before
{Heap before GC invocations=113 (full 5):
 PSYoungGen      total 1013760K, used 1012864K [0x0000000782100000, 0x00000007c0000000, 0x00000007c0000000)
  eden space 1012736K, 100% used [0x0000000782100000,0x00000007bfe00000,0x00000007bfe00000)
  from space 1024K, 12% used [0x00000007bfe00000,0x00000007bfe20000,0x00000007bff00000)
  to   space 1024K, 0% used [0x00000007bff00000,0x00000007bff00000,0x00000007c0000000)
 ParOldGen       total 501760K, used 442453K [0x0000000706200000, 0x0000000724c00000, 0x0000000782100000)
  object space 501760K, 88% used [0x0000000706200000,0x0000000721215698,0x0000000724c00000)
 Metaspace       used 29643K, capacity 30918K, committed 31104K, reserved 1077248K
  class space    used 3868K, capacity 4155K, committed 4224K, reserved 1048576K
Event: 49,893 GC heap after
Heap after GC invocations=113 (full 5):
 PSYoungGen      total 1013760K, used 192K [0x0000000782100000, 0x00000007c0000000, 0x00000007c0000000)
  eden space 1012736K, 0% used [0x0000000782100000,0x0000000782100000,0x00000007bfe00000)
  from space 1024K, 18% used [0x00000007bff00000,0x00000007bff30000,0x00000007c0000000)
  to   space 1024K, 0% used [0x00000007bfe00000,0x00000007bfe00000,0x00000007bff00000)
 ParOldGen       total 501760K, used 442461K [0x0000000706200000, 0x0000000724c00000, 0x0000000782100000)
  object space 501760K, 88% used [0x0000000706200000,0x0000000721217698,0x0000000724c00000)
 Metaspace       used 29643K, capacity 30918K, committed 31104K, reserved 1077248K
  class space    used 3868K, capacity 4155K, committed 4224K, reserved 1048576K
}

