# JRE version: Java(TM) SE Runtime Environment (8.0_201-b09) (build 1.8.0_201-b09)
# Java VM: Java HotSpot(TM) 64-Bit Server VM (25.201-b09 mixed mode linux-amd64 compressed oops)
Heap:
 PSYoungGen      total 1014272K, used 506889K [0x0000000782100000, 0x00000007c0000000, 0x00000007c0000000)
  eden space 1013760K, 50% used [0x0000000782100000,0x00000007a1002448,0x00000007bff00000)
  from space 512K, 0% used [0x00000007bff00000,0x00000007bff00000,0x00000007bff80000)
  to   space 512K, 0% used [0x00000007bff80000,0x00000007bff80000,0x00000007c0000000)
 ParOldGen       total 126976K, used 11624K [0x0000000706200000, 0x000000070de00000, 0x0000000782100000)
  object space 126976K, 9% used [0x0000000706200000,0x0000000706d5a080,0x000000070de00000)
 Metaspace       used 19023K, capacity 19930K, committed 20224K, reserved 1067008K
  class space    used 2767K, capacity 3011K, committed 3072K, reserved 1048576K
GC Heap History (10 events):
Event: 25,272 GC heap before
{Heap before GC invocations=325 (full 0):
 PSYoungGen      total 1014272K, used 1013760K [0x0000000782100000, 0x00000007c0000000, 0x00000007c0000000)
  eden space 1013760K, 100% used [0x0000000782100000,0x00000007bff00000,0x00000007bff00000)
  from space 512K, 0% used [0x00000007bff80000,0x00000007bff80000,0x00000007c0000000)
  to   space 512K, 0% used [0x00000007bff00000,0x00000007bff00000,0x00000007bff80000)
 ParOldGen       total 126976K, used 11624K [0x0000000706200000, 0x000000070de00000, 0x0000000782100000)
  object space 126976K, 9% used [0x0000000706200000,0x0000000706d5a080,0x000000070de00000)
 Metaspace       used 19023K, capacity 19930K, committed 20224K, reserved 1067008K
  class space    used 2767K, capacity 3011K, committed 3072K, reserved 1048576K
Event: 25,275 GC heap after
Heap after GC invocations=325 (full 0):
 PSYoungGen      total 1014272K, used 0K [0x0000000782100000, 0x00000007c0000000, 0x00000007c0000000)
  eden space 1013760K, 0% used [0x0000000782100000,0x0000000782100000,0x00000007bff00000)
  from space 512K, 0% used [0x00000007bff00000,0x00000007bff00000,0x00000007bff80000)
  to   space 512K, 0% used [0x00000007bff80000,0x00000007bff80000,0x00000007c0000000)
 ParOldGen       total 126976K, used 11624K [0x0000000706200000, 0x000000070de00000, 0x0000000782100000)
  object space 126976K, 9% used [0x0000000706200000,0x0000000706d5a080,0x000000070de00000)
 Metaspace       used 19023K, capacity 19930K, committed 20224K, reserved 1067008K
  class space    used 2767K, capacity 3011K, committed 3072K, reserved 1048576K
}
Event: 25,433 GC heap before
{Heap before GC invocations=326 (full 0):
 PSYoungGen      total 1014272K, used 1013760K [0x0000000782100000, 0x00000007c0000000, 0x00000007c0000000)
  eden space 1013760K, 100% used [0x0000000782100000,0x00000007bff00000,0x00000007bff00000)
  from space 512K, 0% used [0x00000007bff00000,0x00000007bff00000,0x00000007bff80000)
  to   space 512K, 0% used [0x00000007bff80000,0x00000007bff80000,0x00000007c0000000)
 ParOldGen       total 126976K, used 11624K [0x0000000706200000, 0x000000070de00000, 0x0000000782100000)
  object space 126976K, 9% used [0x0000000706200000,0x0000000706d5a080,0x000000070de00000)
 Metaspace       used 19023K, capacity 19930K, committed 20224K, reserved 1067008K
  class space    used 2767K, capacity 3011K, committed 3072K, reserved 1048576K
Event: 25,436 GC heap after
Heap after GC invocations=326 (full 0):
 PSYoungGen      total 1014272K, used 0K [0x0000000782100000, 0x00000007c0000000, 0x00000007c0000000)
  eden space 1013760K, 0% used [0x0000000782100000,0x0000000782100000,0x00000007bff00000)
  from space 512K, 0% used [0x00000007bff80000,0x00000007bff80000,0x00000007c0000000)
  to   space 512K, 0% used [0x00000007bff00000,0x00000007bff00000,0x00000007bff80000)
 ParOldGen       total 126976K, used 11624K [0x0000000706200000, 0x000000070de00000, 0x0000000782100000)
  object space 126976K, 9% used [0x0000000706200000,0x0000000706d5a080,0x000000070de00000)
 Metaspace       used 19023K, capacity 19930K, committed 20224K, reserved 1067008K
  class space    used 2767K, capacity 3011K, committed 3072K, reserved 1048576K
}
Event: 25,471 GC heap before
{Heap before GC invocations=327 (full 0):
 PSYoungGen      total 1014272K, used 1013760K [0x0000000782100000, 0x00000007c0000000, 0x00000007c0000000)
  eden space 1013760K, 100% used [0x0000000782100000,0x00000007bff00000,0x00000007bff00000)
  from space 512K, 0% used [0x00000007bff80000,0x00000007bff80000,0x00000007c0000000)
  to   space 512K, 0% used [0x00000007bff00000,0x00000007bff00000,0x00000007bff80000)
 ParOldGen       total 126976K, used 11624K [0x0000000706200000, 0x000000070de00000, 0x0000000782100000)
  object space 126976K, 9% used [0x0000000706200000,0x0000000706d5a080,0x000000070de00000)
 Metaspace       used 19023K, capacity 19930K, committed 20224K, reserved 1067008K
  class space    used 2767K, capacity 3011K, committed 3072K, reserved 1048576K
Event: 25,474 GC heap after
Heap after GC invocations=327 (full 0):
 PSYoungGen      total 1014272K, used 0K [0x0000000782100000, 0x00000007c0000000, 0x00000007c0000000)
  eden space 1013760K, 0% used [0x0000000782100000,0x0000000782100000,0x00000007bff00000)
  from space 512K, 0% used [0x00000007bff00000,0x00000007bff00000,0x00000007bff80000)
  to   space 512K, 0% used [0x00000007bff80000,0x00000007bff80000,0x00000007c0000000)
 ParOldGen       total 126976K, used 11624K [0x0000000706200000, 0x000000070de00000, 0x0000000782100000)
  object space 126976K, 9% used [0x0000000706200000,0x0000000706d5a080,0x000000070de00000)
 Metaspace       used 19023K, capacity 19930K, committed 20224K, reserved 1067008K
  class space    used 2767K, capacity 3011K, committed 3072K, reserved 1048576K
}
Event: 25,591 GC heap before
{Heap before GC invocations=328 (full 0):
 PSYoungGen      total 1014272K, used 1013760K [0x0000000782100000, 0x00000007c0000000, 0x00000007c0000000)
  eden space 1013760K, 100% used [0x0000000782100000,0x00000007bff00000,0x00000007bff00000)
  from space 512K, 0% used [0x00000007bff00000,0x00000007bff00000,0x00000007bff80000)
  to   space 512K, 0% used [0x00000007bff80000,0x00000007bff80000,0x00000007c0000000)
 ParOldGen       total 126976K, used 11624K [0x0000000706200000, 0x000000070de00000, 0x0000000782100000)
  object space 126976K, 9% used [0x0000000706200000,0x0000000706d5a080,0x000000070de00000)
 Metaspace       used 19023K, capacity 19930K, committed 20224K, reserved 1067008K
  class space    used 2767K, capacity 3011K, committed 3072K, reserved 1048576K
Event: 25,594 GC heap after
Heap after GC invocations=328 (full 0):
 PSYoungGen      total 1014272K, used 0K [0x0000000782100000, 0x00000007c0000000, 0x00000007c0000000)
  eden space 1013760K, 0% used [0x0000000782100000,0x0000000782100000,0x00000007bff00000)
  from space 512K, 0% used [0x00000007bff80000,0x00000007bff80000,0x00000007c0000000)
  to   space 512K, 0% used [0x00000007bff00000,0x00000007bff00000,0x00000007bff80000)
 ParOldGen       total 126976K, used 11624K [0x0000000706200000, 0x000000070de00000, 0x0000000782100000)
  object space 126976K, 9% used [0x0000000706200000,0x0000000706d5a080,0x000000070de00000)
 Metaspace       used 19023K, capacity 19930K, committed 20224K, reserved 1067008K
  class space    used 2767K, capacity 3011K, committed 3072K, reserved 1048576K
}
Event: 25,624 GC heap before
{Heap before GC invocations=329 (full 0):
 PSYoungGen      total 1014272K, used 1013760K [0x0000000782100000, 0x00000007c0000000, 0x00000007c0000000)
  eden space 1013760K, 100% used [0x0000000782100000,0x00000007bff00000,0x00000007bff00000)
  from space 512K, 0% used [0x00000007bff80000,0x00000007bff80000,0x00000007c0000000)
  to   space 512K, 0% used [0x00000007bff00000,0x00000007bff00000,0x00000007bff80000)
 ParOldGen       total 126976K, used 11624K [0x0000000706200000, 0x000000070de00000, 0x0000000782100000)
  object space 126976K, 9% used [0x0000000706200000,0x0000000706d5a080,0x000000070de00000)
 Metaspace       used 19023K, capacity 19930K, committed 20224K, reserved 1067008K
  class space    used 2767K, capacity 3011K, committed 3072K, reserved 1048576K
Event: 25,629 GC heap after
Heap after GC invocations=329 (full 0):
 PSYoungGen      total 1014272K, used 0K [0x0000000782100000, 0x00000007c0000000, 0x00000007c0000000)
  eden space 1013760K, 0% used [0x0000000782100000,0x0000000782100000,0x00000007bff00000)
  from space 512K, 0% used [0x00000007bff00000,0x00000007bff00000,0x00000007bff80000)
  to   space 512K, 0% used [0x00000007bff80000,0x00000007bff80000,0x00000007c0000000)
 ParOldGen       total 126976K, used 11624K [0x0000000706200000, 0x000000070de00000, 0x0000000782100000)
  object space 126976K, 9% used [0x0000000706200000,0x0000000706d5a080,0x000000070de00000)
 Metaspace       used 19023K, capacity 19930K, committed 20224K, reserved 1067008K
  class space    used 2767K, capacity 3011K, committed 3072K, reserved 1048576K
}

